<?xml version="1.0" encoding="UTF-8"?>
<testsuite xmlns:xsi="http://www.w3.org/2001/XMLSchema-instance" xsi:noNamespaceSchemaLocation="https://maven.apache.org/surefire/maven-surefire-plugin/xsd/surefire-test-report.xsd" name="com.belatrix.test.java.TestLoggerBelatrix.TestLoggerBelatrixApplicationTests" time="1.165" tests="1" errors="0" skipped="0" failures="0">
  <properties>
    <property name="sun.desktop" value="windows"/>
    <property name="awt.toolkit" value="sun.awt.windows.WToolkit"/>
    <property name="file.encoding.pkg" value="sun.io"/>
    <property name="java.specification.version" value="1.8"/>
    <property name="sun.cpu.isalist" value="amd64"/>
    <property name="sun.jnu.encoding" value="Cp1252"/>
    <property name="java.class.path" value="D:\Documentos Portatil 3\Pictures\TestLoggerBelatrix\target\test-classes;D:\Documentos Portatil 3\Pictures\TestLoggerBelatrix\target\classes;C:\Users\PORTATIL3\git\org\springframework\boot\spring-boot-starter\2.2.4.RELEASE\spring-boot-starter-2.2.4.RELEASE.jar;C:\Users\PORTATIL3\git\org\springframework\boot\spring-boot\2.2.4.RELEASE\spring-boot-2.2.4.RELEASE.jar;C:\Users\PORTATIL3\git\org\springframework\spring-context\5.2.3.RELEASE\spring-context-5.2.3.RELEASE.jar;C:\Users\PORTATIL3\git\org\springframework\spring-aop\5.2.3.RELEASE\spring-aop-5.2.3.RELEASE.jar;C:\Users\PORTATIL3\git\org\springframework\spring-beans\5.2.3.RELEASE\spring-beans-5.2.3.RELEASE.jar;C:\Users\PORTATIL3\git\org\springframework\spring-expression\5.2.3.RELEASE\spring-expression-5.2.3.RELEASE.jar;C:\Users\PORTATIL3\git\org\springframework\boot\spring-boot-autoconfigure\2.2.4.RELEASE\spring-boot-autoconfigure-2.2.4.RELEASE.jar;C:\Users\PORTATIL3\git\org\springframework\boot\spring-boot-starter-logging\2.2.4.RELEASE\spring-boot-starter-logging-2.2.4.RELEASE.jar;C:\Users\PORTATIL3\git\ch\qos\logback\logback-classic\1.2.3\logback-classic-1.2.3.jar;C:\Users\PORTATIL3\git\ch\qos\logback\logback-core\1.2.3\logback-core-1.2.3.jar;C:\Users\PORTATIL3\git\org\apache\logging\log4j\log4j-to-slf4j\2.12.1\log4j-to-slf4j-2.12.1.jar;C:\Users\PORTATIL3\git\org\apache\logging\log4j\log4j-api\2.12.1\log4j-api-2.12.1.jar;C:\Users\PORTATIL3\git\org\slf4j\jul-to-slf4j\1.7.30\jul-to-slf4j-1.7.30.jar;C:\Users\PORTATIL3\git\jakarta\annotation\jakarta.annotation-api\1.3.5\jakarta.annotation-api-1.3.5.jar;C:\Users\PORTATIL3\git\org\springframework\spring-core\5.2.3.RELEASE\spring-core-5.2.3.RELEASE.jar;C:\Users\PORTATIL3\git\org\springframework\spring-jcl\5.2.3.RELEASE\spring-jcl-5.2.3.RELEASE.jar;C:\Users\PORTATIL3\git\org\yaml\snakeyaml\1.25\snakeyaml-1.25.jar;C:\Users\PORTATIL3\git\com\oracle\ojdbc\ojdbc8\19.3.0.0\ojdbc8-19.3.0.0.jar;C:\Users\PORTATIL3\git\com\oracle\ojdbc\ucp\19.3.0.0\ucp-19.3.0.0.jar;C:\Users\PORTATIL3\git\com\oracle\ojdbc\oraclepki\19.3.0.0\oraclepki-19.3.0.0.jar;C:\Users\PORTATIL3\git\com\oracle\ojdbc\osdt_cert\19.3.0.0\osdt_cert-19.3.0.0.jar;C:\Users\PORTATIL3\git\com\oracle\ojdbc\osdt_core\19.3.0.0\osdt_core-19.3.0.0.jar;C:\Users\PORTATIL3\git\com\oracle\ojdbc\simplefan\19.3.0.0\simplefan-19.3.0.0.jar;C:\Users\PORTATIL3\git\com\oracle\ojdbc\ons\19.3.0.0\ons-19.3.0.0.jar;C:\Users\PORTATIL3\git\org\springframework\boot\spring-boot-starter-test\2.2.4.RELEASE\spring-boot-starter-test-2.2.4.RELEASE.jar;C:\Users\PORTATIL3\git\org\springframework\boot\spring-boot-test\2.2.4.RELEASE\spring-boot-test-2.2.4.RELEASE.jar;C:\Users\PORTATIL3\git\org\springframework\boot\spring-boot-test-autoconfigure\2.2.4.RELEASE\spring-boot-test-autoconfigure-2.2.4.RELEASE.jar;C:\Users\PORTATIL3\git\com\jayway\jsonpath\json-path\2.4.0\json-path-2.4.0.jar;C:\Users\PORTATIL3\git\net\minidev\json-smart\2.3\json-smart-2.3.jar;C:\Users\PORTATIL3\git\net\minidev\accessors-smart\1.2\accessors-smart-1.2.jar;C:\Users\PORTATIL3\git\org\ow2\asm\asm\5.0.4\asm-5.0.4.jar;C:\Users\PORTATIL3\git\org\slf4j\slf4j-api\1.7.30\slf4j-api-1.7.30.jar;C:\Users\PORTATIL3\git\jakarta\xml\bind\jakarta.xml.bind-api\2.3.2\jakarta.xml.bind-api-2.3.2.jar;C:\Users\PORTATIL3\git\jakarta\activation\jakarta.activation-api\1.2.1\jakarta.activation-api-1.2.1.jar;C:\Users\PORTATIL3\git\org\junit\jupiter\junit-jupiter\5.5.2\junit-jupiter-5.5.2.jar;C:\Users\PORTATIL3\git\org\junit\jupiter\junit-jupiter-api\5.5.2\junit-jupiter-api-5.5.2.jar;C:\Users\PORTATIL3\git\org\apiguardian\apiguardian-api\1.1.0\apiguardian-api-1.1.0.jar;C:\Users\PORTATIL3\git\org\opentest4j\opentest4j\1.2.0\opentest4j-1.2.0.jar;C:\Users\PORTATIL3\git\org\junit\platform\junit-platform-commons\1.5.2\junit-platform-commons-1.5.2.jar;C:\Users\PORTATIL3\git\org\junit\jupiter\junit-jupiter-params\5.5.2\junit-jupiter-params-5.5.2.jar;C:\Users\PORTATIL3\git\org\junit\jupiter\junit-jupiter-engine\5.5.2\junit-jupiter-engine-5.5.2.jar;C:\Users\PORTATIL3\git\org\junit\platform\junit-platform-engine\1.5.2\junit-platform-engine-1.5.2.jar;C:\Users\PORTATIL3\git\org\mockito\mockito-junit-jupiter\3.1.0\mockito-junit-jupiter-3.1.0.jar;C:\Users\PORTATIL3\git\org\assertj\assertj-core\3.13.2\assertj-core-3.13.2.jar;C:\Users\PORTATIL3\git\org\hamcrest\hamcrest\2.1\hamcrest-2.1.jar;C:\Users\PORTATIL3\git\org\mockito\mockito-core\3.1.0\mockito-core-3.1.0.jar;C:\Users\PORTATIL3\git\net\bytebuddy\byte-buddy\1.10.6\byte-buddy-1.10.6.jar;C:\Users\PORTATIL3\git\net\bytebuddy\byte-buddy-agent\1.10.6\byte-buddy-agent-1.10.6.jar;C:\Users\PORTATIL3\git\org\objenesis\objenesis\2.6\objenesis-2.6.jar;C:\Users\PORTATIL3\git\org\skyscreamer\jsonassert\1.5.0\jsonassert-1.5.0.jar;C:\Users\PORTATIL3\git\com\vaadin\external\google\android-json\0.0.20131108.vaadin1\android-json-0.0.20131108.vaadin1.jar;C:\Users\PORTATIL3\git\org\springframework\spring-test\5.2.3.RELEASE\spring-test-5.2.3.RELEASE.jar;C:\Users\PORTATIL3\git\org\xmlunit\xmlunit-core\2.6.3\xmlunit-core-2.6.3.jar;"/>
    <property name="java.vm.vendor" value="Oracle Corporation"/>
    <property name="sun.arch.data.model" value="64"/>
    <property name="user.variant" value=""/>
    <property name="java.vendor.url" value="http://java.oracle.com/"/>
    <property name="user.timezone" value="America/Bogota"/>
    <property name="java.vm.specification.version" value="1.8"/>
    <property name="os.name" value="Windows 10"/>
    <property name="user.country" value="CO"/>
    <property name="sun.java.launcher" value="SUN_STANDARD"/>
    <property name="sun.boot.library.path" value="C:\Program Files\Java\jdk1.8.0_231\jre\bin"/>
    <property name="sun.java.command" value="C:\Users\PORTAT~1\AppData\Local\Temp\surefire7768029938394195779\surefirebooter1484398424831497152.jar C:\Users\PORTATIL3\AppData\Local\Temp\surefire7768029938394195779 2020-01-30T11-07-33_153-jvmRun1 surefire2385938721283136640tmp surefire_06642119039808412991tmp"/>
    <property name="surefire.test.class.path" value="D:\Documentos Portatil 3\Pictures\TestLoggerBelatrix\target\test-classes;D:\Documentos Portatil 3\Pictures\TestLoggerBelatrix\target\classes;C:\Users\PORTATIL3\git\org\springframework\boot\spring-boot-starter\2.2.4.RELEASE\spring-boot-starter-2.2.4.RELEASE.jar;C:\Users\PORTATIL3\git\org\springframework\boot\spring-boot\2.2.4.RELEASE\spring-boot-2.2.4.RELEASE.jar;C:\Users\PORTATIL3\git\org\springframework\spring-context\5.2.3.RELEASE\spring-context-5.2.3.RELEASE.jar;C:\Users\PORTATIL3\git\org\springframework\spring-aop\5.2.3.RELEASE\spring-aop-5.2.3.RELEASE.jar;C:\Users\PORTATIL3\git\org\springframework\spring-beans\5.2.3.RELEASE\spring-beans-5.2.3.RELEASE.jar;C:\Users\PORTATIL3\git\org\springframework\spring-expression\5.2.3.RELEASE\spring-expression-5.2.3.RELEASE.jar;C:\Users\PORTATIL3\git\org\springframework\boot\spring-boot-autoconfigure\2.2.4.RELEASE\spring-boot-autoconfigure-2.2.4.RELEASE.jar;C:\Users\PORTATIL3\git\org\springframework\boot\spring-boot-starter-logging\2.2.4.RELEASE\spring-boot-starter-logging-2.2.4.RELEASE.jar;C:\Users\PORTATIL3\git\ch\qos\logback\logback-classic\1.2.3\logback-classic-1.2.3.jar;C:\Users\PORTATIL3\git\ch\qos\logback\logback-core\1.2.3\logback-core-1.2.3.jar;C:\Users\PORTATIL3\git\org\apache\logging\log4j\log4j-to-slf4j\2.12.1\log4j-to-slf4j-2.12.1.jar;C:\Users\PORTATIL3\git\org\apache\logging\log4j\log4j-api\2.12.1\log4j-api-2.12.1.jar;C:\Users\PORTATIL3\git\org\slf4j\jul-to-slf4j\1.7.30\jul-to-slf4j-1.7.30.jar;C:\Users\PORTATIL3\git\jakarta\annotation\jakarta.annotation-api\1.3.5\jakarta.annotation-api-1.3.5.jar;C:\Users\PORTATIL3\git\org\springframework\spring-core\5.2.3.RELEASE\spring-core-5.2.3.RELEASE.jar;C:\Users\PORTATIL3\git\org\springframework\spring-jcl\5.2.3.RELEASE\spring-jcl-5.2.3.RELEASE.jar;C:\Users\PORTATIL3\git\org\yaml\snakeyaml\1.25\snakeyaml-1.25.jar;C:\Users\PORTATIL3\git\com\oracle\ojdbc\ojdbc8\19.3.0.0\ojdbc8-19.3.0.0.jar;C:\Users\PORTATIL3\git\com\oracle\ojdbc\ucp\19.3.0.0\ucp-19.3.0.0.jar;C:\Users\PORTATIL3\git\com\oracle\ojdbc\oraclepki\19.3.0.0\oraclepki-19.3.0.0.jar;C:\Users\PORTATIL3\git\com\oracle\ojdbc\osdt_cert\19.3.0.0\osdt_cert-19.3.0.0.jar;C:\Users\PORTATIL3\git\com\oracle\ojdbc\osdt_core\19.3.0.0\osdt_core-19.3.0.0.jar;C:\Users\PORTATIL3\git\com\oracle\ojdbc\simplefan\19.3.0.0\simplefan-19.3.0.0.jar;C:\Users\PORTATIL3\git\com\oracle\ojdbc\ons\19.3.0.0\ons-19.3.0.0.jar;C:\Users\PORTATIL3\git\org\springframework\boot\spring-boot-starter-test\2.2.4.RELEASE\spring-boot-starter-test-2.2.4.RELEASE.jar;C:\Users\PORTATIL3\git\org\springframework\boot\spring-boot-test\2.2.4.RELEASE\spring-boot-test-2.2.4.RELEASE.jar;C:\Users\PORTATIL3\git\org\springframework\boot\spring-boot-test-autoconfigure\2.2.4.RELEASE\spring-boot-test-autoconfigure-2.2.4.RELEASE.jar;C:\Users\PORTATIL3\git\com\jayway\jsonpath\json-path\2.4.0\json-path-2.4.0.jar;C:\Users\PORTATIL3\git\net\minidev\json-smart\2.3\json-smart-2.3.jar;C:\Users\PORTATIL3\git\net\minidev\accessors-smart\1.2\accessors-smart-1.2.jar;C:\Users\PORTATIL3\git\org\ow2\asm\asm\5.0.4\asm-5.0.4.jar;C:\Users\PORTATIL3\git\org\slf4j\slf4j-api\1.7.30\slf4j-api-1.7.30.jar;C:\Users\PORTATIL3\git\jakarta\xml\bind\jakarta.xml.bind-api\2.3.2\jakarta.xml.bind-api-2.3.2.jar;C:\Users\PORTATIL3\git\jakarta\activation\jakarta.activation-api\1.2.1\jakarta.activation-api-1.2.1.jar;C:\Users\PORTATIL3\git\org\junit\jupiter\junit-jupiter\5.5.2\junit-jupiter-5.5.2.jar;C:\Users\PORTATIL3\git\org\junit\jupiter\junit-jupiter-api\5.5.2\junit-jupiter-api-5.5.2.jar;C:\Users\PORTATIL3\git\org\apiguardian\apiguardian-api\1.1.0\apiguardian-api-1.1.0.jar;C:\Users\PORTATIL3\git\org\opentest4j\opentest4j\1.2.0\opentest4j-1.2.0.jar;C:\Users\PORTATIL3\git\org\junit\platform\junit-platform-commons\1.5.2\junit-platform-commons-1.5.2.jar;C:\Users\PORTATIL3\git\org\junit\jupiter\junit-jupiter-params\5.5.2\junit-jupiter-params-5.5.2.jar;C:\Users\PORTATIL3\git\org\junit\jupiter\junit-jupiter-engine\5.5.2\junit-jupiter-engine-5.5.2.jar;C:\Users\PORTATIL3\git\org\junit\platform\junit-platform-engine\1.5.2\junit-platform-engine-1.5.2.jar;C:\Users\PORTATIL3\git\org\mockito\mockito-junit-jupiter\3.1.0\mockito-junit-jupiter-3.1.0.jar;C:\Users\PORTATIL3\git\org\assertj\assertj-core\3.13.2\assertj-core-3.13.2.jar;C:\Users\PORTATIL3\git\org\hamcrest\hamcrest\2.1\hamcrest-2.1.jar;C:\Users\PORTATIL3\git\org\mockito\mockito-core\3.1.0\mockito-core-3.1.0.jar;C:\Users\PORTATIL3\git\net\bytebuddy\byte-buddy\1.10.6\byte-buddy-1.10.6.jar;C:\Users\PORTATIL3\git\net\bytebuddy\byte-buddy-agent\1.10.6\byte-buddy-agent-1.10.6.jar;C:\Users\PORTATIL3\git\org\objenesis\objenesis\2.6\objenesis-2.6.jar;C:\Users\PORTATIL3\git\org\skyscreamer\jsonassert\1.5.0\jsonassert-1.5.0.jar;C:\Users\PORTATIL3\git\com\vaadin\external\google\android-json\0.0.20131108.vaadin1\android-json-0.0.20131108.vaadin1.jar;C:\Users\PORTATIL3\git\org\springframework\spring-test\5.2.3.RELEASE\spring-test-5.2.3.RELEASE.jar;C:\Users\PORTATIL3\git\org\xmlunit\xmlunit-core\2.6.3\xmlunit-core-2.6.3.jar;"/>
    <property name="sun.cpu.endian" value="little"/>
    <property name="user.home" value="C:\Users\PORTATIL3"/>
    <property name="user.language" value="es"/>
    <property name="java.specification.vendor" value="Oracle Corporation"/>
    <property name="java.home" value="C:\Program Files\Java\jdk1.8.0_231\jre"/>
    <property name="basedir" value="D:\Documentos Portatil 3\Pictures\TestLoggerBelatrix"/>
    <property name="file.separator" value="\"/>
    <property name="line.separator" value="&#10;"/>
    <property name="java.vm.specification.vendor" value="Oracle Corporation"/>
    <property name="java.specification.name" value="Java Platform API Specification"/>
    <property name="java.awt.graphicsenv" value="sun.awt.Win32GraphicsEnvironment"/>
    <property name="surefire.real.class.path" value="C:\Users\PORTAT~1\AppData\Local\Temp\surefire7768029938394195779\surefirebooter1484398424831497152.jar"/>
    <property name="sun.boot.class.path" value="C:\Program Files\Java\jdk1.8.0_231\jre\lib\resources.jar;C:\Program Files\Java\jdk1.8.0_231\jre\lib\rt.jar;C:\Program Files\Java\jdk1.8.0_231\jre\lib\sunrsasign.jar;C:\Program Files\Java\jdk1.8.0_231\jre\lib\jsse.jar;C:\Program Files\Java\jdk1.8.0_231\jre\lib\jce.jar;C:\Program Files\Java\jdk1.8.0_231\jre\lib\charsets.jar;C:\Program Files\Java\jdk1.8.0_231\jre\lib\jfr.jar;C:\Program Files\Java\jdk1.8.0_231\jre\classes"/>
    <property name="user.script" value=""/>
    <property name="sun.management.compiler" value="HotSpot 64-Bit Tiered Compilers"/>
    <property name="java.runtime.version" value="1.8.0_231-b11"/>
    <property name="user.name" value="Daniel Zapata"/>
    <property name="path.separator" value=";"/>
    <property name="os.version" value="10.0"/>
    <property name="java.endorsed.dirs" value="C:\Program Files\Java\jdk1.8.0_231\jre\lib\endorsed"/>
    <property name="java.runtime.name" value="Java(TM) SE Runtime Environment"/>
    <property name="file.encoding" value="Cp1252"/>
    <property name="java.vm.name" value="Java HotSpot(TM) 64-Bit Server VM"/>
    <property name="localRepository" value="C:\Users\PORTATIL3\git"/>
    <property name="java.vendor.url.bug" value="http://bugreport.sun.com/bugreport/"/>
    <property name="java.io.tmpdir" value="C:\Users\PORTAT~1\AppData\Local\Temp\"/>
    <property name="java.version" value="1.8.0_231"/>
    <property name="user.dir" value="D:\Documentos Portatil 3\Pictures\TestLoggerBelatrix"/>
    <property name="os.arch" value="amd64"/>
    <property name="java.vm.specification.name" value="Java Virtual Machine Specification"/>
    <property name="java.awt.printerjob" value="sun.awt.windows.WPrinterJob"/>
    <property name="sun.os.patch.level" value=""/>
    <property name="java.library.path" value="C:\Program Files\Java\jdk1.8.0_231\jre\bin;C:\WINDOWS\Sun\Java\bin;C:\WINDOWS\system32;C:\WINDOWS;C:/Program Files/Java/jre1.8.0_231/bin/server;C:/Program Files/Java/jre1.8.0_231/bin;C:/Program Files/Java/jre1.8.0_231/lib/amd64;C:\Program Files (x86)\Common Files\Oracle\Java\javapath;C:\Program Files (x86)\Intel\Intel(R) Management Engine Components\iCLS\;C:\Program Files\Intel\Intel(R) Management Engine Components\iCLS\;C:\WINDOWS\system32;C:\WINDOWS;C:\WINDOWS\System32\Wbem;C:\WINDOWS\System32\WindowsPowerShell\v1.0\;C:\WINDOWS\System32\OpenSSH\;C:\Program Files (x86)\Intel\Intel(R) Management Engine Components\DAL;C:\Program Files\Intel\Intel(R) Management Engine Components\DAL;C:\Program Files\TortoiseSVN\bin;C:\Program Files\nodejs\;C:\ProgramData\chocolatey\bin;C:\Android\android-sdk\tools;C:\Android\android-sdk\platform-tools;C:\Android\android-sdk\tools\bin;C:\Program Files\Git\cmd;C:\Program Files\Git LFS;C:\Program Files\Microsoft VS Code\bin;C:\Users\PORTATIL3\AppData\Local\Microsoft\WindowsApps;C:\Users\PORTATIL3\AppData\Local\Programs\Microsoft VS Code\bin;C:\Users\PORTATIL3\AppData\Roaming\npm;C:\Program Files\nodejs;C:\AppServ\Apache24\bin;C:\AppServ\php7;C:\AppServ\MySQL\bin;C:\ProgramData\chocolatey\bin;C:\Users\PORTATIL3\AppData\Local\Android\Sdk;C:\tools\mysql\current\bin;;C:\Users\PORTATIL3\eclipse\jee-2019-09\eclipse;;."/>
    <property name="java.vm.info" value="mixed mode"/>
    <property name="java.vendor" value="Oracle Corporation"/>
    <property name="java.vm.version" value="25.231-b11"/>
    <property name="java.ext.dirs" value="C:\Program Files\Java\jdk1.8.0_231\jre\lib\ext;C:\WINDOWS\Sun\Java\lib\ext"/>
    <property name="sun.io.unicode.encoding" value="UnicodeLittle"/>
    <property name="java.class.version" value="52.0"/>
  </properties>
  <testcase name="contextLoads" classname="com.belatrix.test.java.TestLoggerBelatrix.TestLoggerBelatrixApplicationTests" time="0.181"/>
</testsuite>